2022.06.21 18:44:23 INFO  tracing is disabled for protocol LSP, to enable tracing of incoming and outgoing JSON messages create an empty file at /home/henil/Documents/Scala_1/functional-programming-intro/wk2/functions-and-data/.metals/lsp.trace.json or /home/henil/.cache/metals/lsp.trace.json[0m
2022.06.21 18:44:24 INFO  logging to file /home/henil/Documents/Scala_1/functional-programming-intro/wk2/functions-and-data/.metals/metals.log[0m
2022.06.21 18:44:24 INFO  Started: Metals version 0.11.6 in workspace '/home/henil/Documents/Scala_1/functional-programming-intro/wk2/functions-and-data' for client VSCodium 1.62.0.[0m
2022.06.21 18:44:25 INFO  time: initialize in 1.13s[0m
2022.06.21 18:44:25 WARN  Flyway upgrade recommended: H2 2.1.212 is newer than this version of Flyway and support has not been tested. The latest supported version of H2 is 2.1.210.[0m
2022.06.21 18:44:25 WARN  Build server is not auto-connectable.[0m
2022.06.21 18:44:29 WARN  no build target for: /home/henil/Documents/Scala_1/functional-programming-intro/wk2/functions-and-data/src/main/scala/Main.scala[0m
2022.06.21 18:44:34 INFO  no build target found for /home/henil/Documents/Scala_1/functional-programming-intro/wk2/functions-and-data/src/main/scala/Main.scala. Using presentation compiler with project's scala-library version: 3.1.2[0m
2022.06.21 18:44:37 INFO  time: code lens generation in 1.06s[0m
2022.06.21 18:44:37 INFO  time: code lens generation in 3.37s[0m
2022.06.21 18:44:37 INFO  time: code lens generation in 3.41s[0m
2022.06.21 18:44:37 INFO  time: code lens generation in 3.49s[0m
2022.06.21 18:44:37 INFO  time: code lens generation in 7.49s[0m
2022.06.21 18:46:08 WARN  no build target for: /home/henil/Documents/Scala_1/functional-programming-intro/wk2/functions-and-data/src/main/scala/Main.scala[0m
2022.06.21 18:46:48 WARN  no build target for: /home/henil/Documents/Scala_1/functional-programming-intro/wk2/functions-and-data/src/main/scala/Main.scala[0m
2022.06.21 18:46:50 WARN  no build target for: /home/henil/Documents/Scala_1/functional-programming-intro/wk2/functions-and-data/src/main/scala/Main.scala[0m
Jun 21, 2022 6:46:55 PM org.eclipse.lsp4j.jsonrpc.RemoteEndpoint handleCancellation
WARNING: Unmatched cancel notification for request id 259
2022.06.21 18:47:05 WARN  no build target for: /home/henil/Documents/Scala_1/functional-programming-intro/wk2/functions-and-data/src/main/scala/Main.scala[0m
2022.06.21 18:49:31 WARN  no build target for: /home/henil/Documents/Scala_1/functional-programming-intro/wk2/functions-and-data/src/main/scala/Main.scala[0m
2022.06.21 18:50:12 WARN  no build target for: /home/henil/Documents/Scala_1/functional-programming-intro/wk2/functions-and-data/src/main/scala/Main.scala[0m
2022.06.21 18:51:58 WARN  no build target for: /home/henil/Documents/Scala_1/functional-programming-intro/wk2/functions-and-data/src/main/scala/Main.scala[0m
2022.06.21 18:53:33 WARN  no build target for: /home/henil/Documents/Scala_1/functional-programming-intro/wk2/functions-and-data/src/main/scala/Main.scala[0m
2022.06.21 18:53:56 WARN  no build target for: /home/henil/Documents/Scala_1/functional-programming-intro/wk2/functions-and-data/src/main/scala/Main.scala[0m
2022.06.21 18:54:17 WARN  no build target for: /home/henil/Documents/Scala_1/functional-programming-intro/wk2/functions-and-data/src/main/scala/Main.scala[0m
2022.06.21 18:57:34 WARN  no build target for: /home/henil/Documents/Scala_1/functional-programming-intro/wk2/functions-and-data/src/main/scala/Main.scala[0m
2022.06.21 18:58:29 WARN  no build target for: /home/henil/Documents/Scala_1/functional-programming-intro/wk2/functions-and-data/src/main/scala/Main.scala[0m
2022.06.21 19:02:56 WARN  no build target for: /home/henil/Documents/Scala_1/functional-programming-intro/wk2/functions-and-data/src/main/scala/Main.scala[0m
2022.06.21 19:03:21 WARN  no build target for: /home/henil/Documents/Scala_1/functional-programming-intro/wk2/functions-and-data/src/main/scala/Main.scala[0m
