2022.06.19 17:37:56 INFO  tracing is disabled for protocol LSP, to enable tracing of incoming and outgoing JSON messages create an empty file at /home/henil/Documents/Scala_1/functional-programming-intro/wk2/currying/.metals/lsp.trace.json or /home/henil/.cache/metals/lsp.trace.json[0m
2022.06.19 17:37:56 INFO  logging to file /home/henil/Documents/Scala_1/functional-programming-intro/wk2/currying/.metals/metals.log[0m
2022.06.19 17:37:56 INFO  Started: Metals version 0.11.6 in workspace '/home/henil/Documents/Scala_1/functional-programming-intro/wk2/currying' for client VSCodium 1.62.0.[0m
2022.06.19 17:37:57 INFO  time: initialize in 1.08s[0m
2022.06.19 17:37:58 WARN  Flyway upgrade recommended: H2 2.1.212 is newer than this version of Flyway and support has not been tested. The latest supported version of H2 is 2.1.210.[0m
2022.06.19 17:37:58 WARN  Build server is not auto-connectable.[0m
2022.06.19 17:38:01 WARN  no build target for: /home/henil/Documents/Scala_1/functional-programming-intro/wk2/currying/src/main/scala/Main.scala[0m
2022.06.19 17:38:05 INFO  no build target found for /home/henil/Documents/Scala_1/functional-programming-intro/wk2/currying/src/main/scala/Main.scala. Using presentation compiler with project's scala-library version: 3.1.2[0m
2022.06.19 17:38:07 INFO  time: code lens generation in 6.01s[0m
2022.06.19 17:38:07 INFO  time: code lens generation in 2.72s[0m
2022.06.19 17:38:07 INFO  time: code lens generation in 6s[0m
Jun 19, 2022 5:42:52 PM org.eclipse.lsp4j.jsonrpc.RemoteEndpoint handleCancellation
WARNING: Unmatched cancel notification for request id 497
2022.06.19 17:45:57 WARN  no build target for: /home/henil/Documents/Scala_1/functional-programming-intro/wk2/currying/src/main/scala/Main.scala[0m
2022.06.19 17:47:22 WARN  no build target for: /home/henil/Documents/Scala_1/functional-programming-intro/wk2/currying/src/main/scala/Main.scala[0m
Jun 19, 2022 5:49:30 PM org.eclipse.lsp4j.jsonrpc.RemoteEndpoint fallbackResponseError
SEVERE: Internal error: java.lang.reflect.InvocationTargetException
java.lang.RuntimeException: java.lang.reflect.InvocationTargetException
	at org.eclipse.lsp4j.jsonrpc.services.GenericEndpoint.lambda$null$0(GenericEndpoint.java:67)
	at org.eclipse.lsp4j.jsonrpc.services.GenericEndpoint.request(GenericEndpoint.java:120)
	at org.eclipse.lsp4j.jsonrpc.RemoteEndpoint.handleRequest(RemoteEndpoint.java:261)
	at org.eclipse.lsp4j.jsonrpc.RemoteEndpoint.consume(RemoteEndpoint.java:190)
	at org.eclipse.lsp4j.jsonrpc.json.StreamMessageProducer.handleMessage(StreamMessageProducer.java:194)
	at org.eclipse.lsp4j.jsonrpc.json.StreamMessageProducer.listen(StreamMessageProducer.java:94)
	at org.eclipse.lsp4j.jsonrpc.json.ConcurrentMessageProcessor.run(ConcurrentMessageProcessor.java:113)
	at java.base/java.util.concurrent.Executors$RunnableAdapter.call(Executors.java:515)
	at java.base/java.util.concurrent.FutureTask.run(FutureTask.java:264)
	at java.base/java.util.concurrent.ThreadPoolExecutor.runWorker(ThreadPoolExecutor.java:1128)
	at java.base/java.util.concurrent.ThreadPoolExecutor$Worker.run(ThreadPoolExecutor.java:628)
	at java.base/java.lang.Thread.run(Thread.java:829)
Caused by: java.lang.reflect.InvocationTargetException
	at jdk.internal.reflect.GeneratedMethodAccessor8.invoke(Unknown Source)
	at java.base/jdk.internal.reflect.DelegatingMethodAccessorImpl.invoke(DelegatingMethodAccessorImpl.java:43)
	at java.base/java.lang.reflect.Method.invoke(Method.java:566)
	at org.eclipse.lsp4j.jsonrpc.services.GenericEndpoint.lambda$null$0(GenericEndpoint.java:65)
	... 11 more
Caused by: java.lang.IllegalArgumentException: 32 is not a valid line number, allowed [0..31]
	at scala.meta.internal.inputs.InternalInput.lineToOffset(InternalInput.scala:37)
	at scala.meta.internal.inputs.InternalInput.lineToOffset$(InternalInput.scala:32)
	at scala.meta.inputs.Input$VirtualFile.lineToOffset(Input.scala:80)
	at scala.meta.inputs.Position$Range$.lineLength$1(Position.scala:57)
	at scala.meta.inputs.Position$Range$.apply(Position.scala:60)
	at scala.meta.internal.mtags.MtagsEnrichments$XtensionPositionLspInverse.toMeta(MtagsEnrichments.scala:179)
	at scala.meta.internal.parsing.Trees.$anonfun$findLastEnclosingAt$4(Trees.scala:76)
	at scala.Option.flatMap(Option.scala:283)
	at scala.meta.internal.parsing.Trees.findLastEnclosingAt(Trees.scala:75)
	at scala.meta.internal.metals.codeactions.PatternMatchRefactor.contribute(PatternMatchRefactor.scala:96)
	at scala.meta.internal.metals.CodeActionProvider$$anonfun$1.applyOrElse(CodeActionProvider.scala:64)
	at scala.meta.internal.metals.CodeActionProvider$$anonfun$1.applyOrElse(CodeActionProvider.scala:63)
	at scala.collection.immutable.List.collect(List.scala:275)
	at scala.meta.internal.metals.CodeActionProvider.codeActions(CodeActionProvider.scala:63)
	at scala.meta.internal.metals.MetalsLanguageServer.$anonfun$codeAction$1(MetalsLanguageServer.scala:1649)
	at scala.meta.internal.metals.CancelTokens$.future(CancelTokens.scala:38)
	at scala.meta.internal.metals.MetalsLanguageServer.codeAction(MetalsLanguageServer.scala:1648)
	... 15 more

Jun 19, 2022 5:49:33 PM org.eclipse.lsp4j.jsonrpc.RemoteEndpoint fallbackResponseError
SEVERE: Internal error: java.lang.reflect.InvocationTargetException
java.lang.RuntimeException: java.lang.reflect.InvocationTargetException
	at org.eclipse.lsp4j.jsonrpc.services.GenericEndpoint.lambda$null$0(GenericEndpoint.java:67)
	at org.eclipse.lsp4j.jsonrpc.services.GenericEndpoint.request(GenericEndpoint.java:120)
	at org.eclipse.lsp4j.jsonrpc.RemoteEndpoint.handleRequest(RemoteEndpoint.java:261)
	at org.eclipse.lsp4j.jsonrpc.RemoteEndpoint.consume(RemoteEndpoint.java:190)
	at org.eclipse.lsp4j.jsonrpc.json.StreamMessageProducer.handleMessage(StreamMessageProducer.java:194)
	at org.eclipse.lsp4j.jsonrpc.json.StreamMessageProducer.listen(StreamMessageProducer.java:94)
	at org.eclipse.lsp4j.jsonrpc.json.ConcurrentMessageProcessor.run(ConcurrentMessageProcessor.java:113)
	at java.base/java.util.concurrent.Executors$RunnableAdapter.call(Executors.java:515)
	at java.base/java.util.concurrent.FutureTask.run(FutureTask.java:264)
	at java.base/java.util.concurrent.ThreadPoolExecutor.runWorker(ThreadPoolExecutor.java:1128)
	at java.base/java.util.concurrent.ThreadPoolExecutor$Worker.run(ThreadPoolExecutor.java:628)
	at java.base/java.lang.Thread.run(Thread.java:829)
Caused by: java.lang.reflect.InvocationTargetException
	at jdk.internal.reflect.GeneratedMethodAccessor8.invoke(Unknown Source)
	at java.base/jdk.internal.reflect.DelegatingMethodAccessorImpl.invoke(DelegatingMethodAccessorImpl.java:43)
	at java.base/java.lang.reflect.Method.invoke(Method.java:566)
	at org.eclipse.lsp4j.jsonrpc.services.GenericEndpoint.lambda$null$0(GenericEndpoint.java:65)
	... 11 more
Caused by: java.lang.IllegalArgumentException: 32 is not a valid line number, allowed [0..31]
	at scala.meta.internal.inputs.InternalInput.lineToOffset(InternalInput.scala:37)
	at scala.meta.internal.inputs.InternalInput.lineToOffset$(InternalInput.scala:32)
	at scala.meta.inputs.Input$VirtualFile.lineToOffset(Input.scala:80)
	at scala.meta.inputs.Position$Range$.lineLength$1(Position.scala:57)
	at scala.meta.inputs.Position$Range$.apply(Position.scala:60)
	at scala.meta.internal.mtags.MtagsEnrichments$XtensionPositionLspInverse.toMeta(MtagsEnrichments.scala:179)
	at scala.meta.internal.parsing.Trees.$anonfun$findLastEnclosingAt$4(Trees.scala:76)
	at scala.Option.flatMap(Option.scala:283)
	at scala.meta.internal.parsing.Trees.findLastEnclosingAt(Trees.scala:75)
	at scala.meta.internal.metals.codeactions.PatternMatchRefactor.contribute(PatternMatchRefactor.scala:96)
	at scala.meta.internal.metals.CodeActionProvider$$anonfun$1.applyOrElse(CodeActionProvider.scala:64)
	at scala.meta.internal.metals.CodeActionProvider$$anonfun$1.applyOrElse(CodeActionProvider.scala:63)
	at scala.collection.immutable.List.collect(List.scala:275)
	at scala.meta.internal.metals.CodeActionProvider.codeActions(CodeActionProvider.scala:63)
	at scala.meta.internal.metals.MetalsLanguageServer.$anonfun$codeAction$1(MetalsLanguageServer.scala:1649)
	at scala.meta.internal.metals.CancelTokens$.future(CancelTokens.scala:38)
	at scala.meta.internal.metals.MetalsLanguageServer.codeAction(MetalsLanguageServer.scala:1648)
	... 15 more

Jun 19, 2022 5:49:33 PM org.eclipse.lsp4j.jsonrpc.RemoteEndpoint handleCancellation
WARNING: Unmatched cancel notification for request id 1099
Jun 19, 2022 5:49:34 PM org.eclipse.lsp4j.jsonrpc.RemoteEndpoint fallbackResponseError
SEVERE: Internal error: java.lang.reflect.InvocationTargetException
java.lang.RuntimeException: java.lang.reflect.InvocationTargetException
	at org.eclipse.lsp4j.jsonrpc.services.GenericEndpoint.lambda$null$0(GenericEndpoint.java:67)
	at org.eclipse.lsp4j.jsonrpc.services.GenericEndpoint.request(GenericEndpoint.java:120)
	at org.eclipse.lsp4j.jsonrpc.RemoteEndpoint.handleRequest(RemoteEndpoint.java:261)
	at org.eclipse.lsp4j.jsonrpc.RemoteEndpoint.consume(RemoteEndpoint.java:190)
	at org.eclipse.lsp4j.jsonrpc.json.StreamMessageProducer.handleMessage(StreamMessageProducer.java:194)
	at org.eclipse.lsp4j.jsonrpc.json.StreamMessageProducer.listen(StreamMessageProducer.java:94)
	at org.eclipse.lsp4j.jsonrpc.json.ConcurrentMessageProcessor.run(ConcurrentMessageProcessor.java:113)
	at java.base/java.util.concurrent.Executors$RunnableAdapter.call(Executors.java:515)
	at java.base/java.util.concurrent.FutureTask.run(FutureTask.java:264)
	at java.base/java.util.concurrent.ThreadPoolExecutor.runWorker(ThreadPoolExecutor.java:1128)
	at java.base/java.util.concurrent.ThreadPoolExecutor$Worker.run(ThreadPoolExecutor.java:628)
	at java.base/java.lang.Thread.run(Thread.java:829)
Caused by: java.lang.reflect.InvocationTargetException
	at jdk.internal.reflect.GeneratedMethodAccessor8.invoke(Unknown Source)
	at java.base/jdk.internal.reflect.DelegatingMethodAccessorImpl.invoke(DelegatingMethodAccessorImpl.java:43)
	at java.base/java.lang.reflect.Method.invoke(Method.java:566)
	at org.eclipse.lsp4j.jsonrpc.services.GenericEndpoint.lambda$null$0(GenericEndpoint.java:65)
	... 11 more
Caused by: java.lang.IllegalArgumentException: 32 is not a valid line number, allowed [0..31]
	at scala.meta.internal.inputs.InternalInput.lineToOffset(InternalInput.scala:37)
	at scala.meta.internal.inputs.InternalInput.lineToOffset$(InternalInput.scala:32)
	at scala.meta.inputs.Input$VirtualFile.lineToOffset(Input.scala:80)
	at scala.meta.inputs.Position$Range$.apply(Position.scala:59)
	at scala.meta.internal.mtags.MtagsEnrichments$XtensionPositionLspInverse.toMeta(MtagsEnrichments.scala:179)
	at scala.meta.internal.parsing.Trees.$anonfun$findLastEnclosingAt$4(Trees.scala:76)
	at scala.Option.flatMap(Option.scala:283)
	at scala.meta.internal.parsing.Trees.findLastEnclosingAt(Trees.scala:75)
	at scala.meta.internal.metals.codeactions.PatternMatchRefactor.contribute(PatternMatchRefactor.scala:96)
	at scala.meta.internal.metals.CodeActionProvider$$anonfun$1.applyOrElse(CodeActionProvider.scala:64)
	at scala.meta.internal.metals.CodeActionProvider$$anonfun$1.applyOrElse(CodeActionProvider.scala:63)
	at scala.collection.immutable.List.collect(List.scala:275)
	at scala.meta.internal.metals.CodeActionProvider.codeActions(CodeActionProvider.scala:63)
	at scala.meta.internal.metals.MetalsLanguageServer.$anonfun$codeAction$1(MetalsLanguageServer.scala:1649)
	at scala.meta.internal.metals.CancelTokens$.future(CancelTokens.scala:38)
	at scala.meta.internal.metals.MetalsLanguageServer.codeAction(MetalsLanguageServer.scala:1648)
	... 15 more

2022.06.19 17:50:22 WARN  no build target for: /home/henil/Documents/Scala_1/functional-programming-intro/wk2/currying/src/main/scala/Main.scala[0m
2022.06.19 17:51:08 WARN  no build target for: /home/henil/Documents/Scala_1/functional-programming-intro/wk2/currying/src/main/scala/Main.scala[0m
2022.06.19 18:04:49 WARN  no build target for: /home/henil/Documents/Scala_1/functional-programming-intro/wk2/currying/src/main/scala/Main.scala[0m
2022.06.20 18:37:06 WARN  no build target for: /home/henil/Documents/Scala_1/functional-programming-intro/wk2/currying/src/main/scala/Main.scala[0m
2022.06.20 18:38:57 WARN  no build target for: /home/henil/Documents/Scala_1/functional-programming-intro/wk2/currying/src/main/scala/Main.scala[0m
2022.06.20 18:46:33 WARN  no build target for: /home/henil/Documents/Scala_1/functional-programming-intro/wk2/currying/src/main/scala/Main.scala[0m
2022.06.20 18:46:58 WARN  no build target for: /home/henil/Documents/Scala_1/functional-programming-intro/wk2/currying/src/main/scala/Main.scala[0m
2022.06.20 18:48:07 WARN  no build target for: /home/henil/Documents/Scala_1/functional-programming-intro/wk2/currying/src/main/scala/Main.scala[0m
2022.06.20 18:48:30 WARN  no build target for: /home/henil/Documents/Scala_1/functional-programming-intro/wk2/currying/src/main/scala/Main.scala[0m
2022.06.20 18:49:05 WARN  no build target for: /home/henil/Documents/Scala_1/functional-programming-intro/wk2/currying/src/main/scala/Main.scala[0m
Jun 20, 2022 6:51:15 PM org.eclipse.lsp4j.jsonrpc.RemoteEndpoint fallbackResponseError
SEVERE: Internal error: java.lang.reflect.InvocationTargetException
java.lang.RuntimeException: java.lang.reflect.InvocationTargetException
	at org.eclipse.lsp4j.jsonrpc.services.GenericEndpoint.lambda$null$0(GenericEndpoint.java:67)
	at org.eclipse.lsp4j.jsonrpc.services.GenericEndpoint.request(GenericEndpoint.java:120)
	at org.eclipse.lsp4j.jsonrpc.RemoteEndpoint.handleRequest(RemoteEndpoint.java:261)
	at org.eclipse.lsp4j.jsonrpc.RemoteEndpoint.consume(RemoteEndpoint.java:190)
	at org.eclipse.lsp4j.jsonrpc.json.StreamMessageProducer.handleMessage(StreamMessageProducer.java:194)
	at org.eclipse.lsp4j.jsonrpc.json.StreamMessageProducer.listen(StreamMessageProducer.java:94)
	at org.eclipse.lsp4j.jsonrpc.json.ConcurrentMessageProcessor.run(ConcurrentMessageProcessor.java:113)
	at java.base/java.util.concurrent.Executors$RunnableAdapter.call(Executors.java:515)
	at java.base/java.util.concurrent.FutureTask.run(FutureTask.java:264)
	at java.base/java.util.concurrent.ThreadPoolExecutor.runWorker(ThreadPoolExecutor.java:1128)
	at java.base/java.util.concurrent.ThreadPoolExecutor$Worker.run(ThreadPoolExecutor.java:628)
	at java.base/java.lang.Thread.run(Thread.java:829)
Caused by: java.lang.reflect.InvocationTargetException
	at jdk.internal.reflect.GeneratedMethodAccessor8.invoke(Unknown Source)
	at java.base/jdk.internal.reflect.DelegatingMethodAccessorImpl.invoke(DelegatingMethodAccessorImpl.java:43)
	at java.base/java.lang.reflect.Method.invoke(Method.java:566)
	at org.eclipse.lsp4j.jsonrpc.services.GenericEndpoint.lambda$null$0(GenericEndpoint.java:65)
	... 11 more
Caused by: java.lang.IllegalArgumentException: 55 is not a valid line number, allowed [0..54]
	at scala.meta.internal.inputs.InternalInput.lineToOffset(InternalInput.scala:37)
	at scala.meta.internal.inputs.InternalInput.lineToOffset$(InternalInput.scala:32)
	at scala.meta.inputs.Input$VirtualFile.lineToOffset(Input.scala:80)
	at scala.meta.inputs.Position$Range$.lineLength$1(Position.scala:57)
	at scala.meta.inputs.Position$Range$.apply(Position.scala:60)
	at scala.meta.internal.mtags.MtagsEnrichments$XtensionPositionLspInverse.toMeta(MtagsEnrichments.scala:179)
	at scala.meta.internal.parsing.Trees.$anonfun$findLastEnclosingAt$4(Trees.scala:76)
	at scala.Option.flatMap(Option.scala:283)
	at scala.meta.internal.parsing.Trees.findLastEnclosingAt(Trees.scala:75)
	at scala.meta.internal.metals.codeactions.PatternMatchRefactor.contribute(PatternMatchRefactor.scala:96)
	at scala.meta.internal.metals.CodeActionProvider$$anonfun$1.applyOrElse(CodeActionProvider.scala:64)
	at scala.meta.internal.metals.CodeActionProvider$$anonfun$1.applyOrElse(CodeActionProvider.scala:63)
	at scala.collection.immutable.List.collect(List.scala:275)
	at scala.meta.internal.metals.CodeActionProvider.codeActions(CodeActionProvider.scala:63)
	at scala.meta.internal.metals.MetalsLanguageServer.$anonfun$codeAction$1(MetalsLanguageServer.scala:1649)
	at scala.meta.internal.metals.CancelTokens$.future(CancelTokens.scala:38)
	at scala.meta.internal.metals.MetalsLanguageServer.codeAction(MetalsLanguageServer.scala:1648)
	... 15 more

2022.06.20 18:51:18 WARN  no build target for: /home/henil/Documents/Scala_1/functional-programming-intro/wk2/currying/src/main/scala/Main.scala[0m
2022.06.20 18:52:00 WARN  no build target for: /home/henil/Documents/Scala_1/functional-programming-intro/wk2/currying/src/main/scala/Main.scala[0m
2022.06.20 18:54:11 WARN  no build target for: /home/henil/Documents/Scala_1/functional-programming-intro/wk2/currying/src/main/scala/Main.scala[0m
2022.06.20 18:55:01 WARN  no build target for: /home/henil/Documents/Scala_1/functional-programming-intro/wk2/currying/src/main/scala/Main.scala[0m
2022.06.20 18:55:16 WARN  no build target for: /home/henil/Documents/Scala_1/functional-programming-intro/wk2/currying/src/main/scala/Main.scala[0m
2022.06.20 18:55:37 WARN  no build target for: /home/henil/Documents/Scala_1/functional-programming-intro/wk2/currying/src/main/scala/Main.scala[0m
2022.06.20 18:55:54 WARN  no build target for: /home/henil/Documents/Scala_1/functional-programming-intro/wk2/currying/src/main/scala/Main.scala[0m
2022.06.20 18:56:45 WARN  no build target for: /home/henil/Documents/Scala_1/functional-programming-intro/wk2/currying/src/main/scala/Main.scala[0m
2022.06.20 18:58:56 WARN  no build target for: /home/henil/Documents/Scala_1/functional-programming-intro/wk2/currying/src/main/scala/Main.scala[0m
2022.06.20 18:59:07 WARN  no build target for: /home/henil/Documents/Scala_1/functional-programming-intro/wk2/currying/src/main/scala/Main.scala[0m
2022.06.20 19:00:02 WARN  no build target for: /home/henil/Documents/Scala_1/functional-programming-intro/wk2/currying/src/main/scala/Main.scala[0m
2022.06.20 19:07:14 WARN  no build target for: /home/henil/Documents/Scala_1/functional-programming-intro/wk2/currying/src/main/scala/Main.scala[0m
2022.06.20 19:08:15 WARN  no build target for: /home/henil/Documents/Scala_1/functional-programming-intro/wk2/currying/src/main/scala/Main.scala[0m
2022.06.20 19:09:12 WARN  no build target for: /home/henil/Documents/Scala_1/functional-programming-intro/wk2/currying/src/main/scala/Main.scala[0m
2022.06.20 19:10:23 WARN  no build target for: /home/henil/Documents/Scala_1/functional-programming-intro/wk2/currying/src/main/scala/Main.scala[0m
2022.06.20 19:12:32 WARN  no build target for: /home/henil/Documents/Scala_1/functional-programming-intro/wk2/currying/src/main/scala/Main.scala[0m
2022.06.20 19:13:08 WARN  no build target for: /home/henil/Documents/Scala_1/functional-programming-intro/wk2/currying/src/main/scala/Main.scala[0m
2022.06.20 19:15:07 WARN  no build target for: /home/henil/Documents/Scala_1/functional-programming-intro/wk2/currying/src/main/scala/Main.scala[0m
2022.06.20 19:16:30 WARN  no build target for: /home/henil/Documents/Scala_1/functional-programming-intro/wk2/currying/src/main/scala/Main.scala[0m
2022.06.20 19:16:35 WARN  no build target for: /home/henil/Documents/Scala_1/functional-programming-intro/wk2/currying/src/main/scala/Main.scala[0m
2022.06.20 19:20:14 WARN  no build target for: /home/henil/Documents/Scala_1/functional-programming-intro/wk2/currying/src/main/scala/Main.scala[0m
2022.06.20 19:22:09 WARN  no build target for: /home/henil/Documents/Scala_1/functional-programming-intro/wk2/currying/src/main/scala/Main.scala[0m
2022.06.20 19:28:28 WARN  no build target for: /home/henil/Documents/Scala_1/functional-programming-intro/wk2/currying/src/main/scala/Main.scala[0m
2022.06.20 19:28:50 WARN  no build target for: /home/henil/Documents/Scala_1/functional-programming-intro/wk2/currying/src/main/scala/Main.scala[0m
2022.06.20 19:29:18 WARN  no build target for: /home/henil/Documents/Scala_1/functional-programming-intro/wk2/currying/src/main/scala/Main.scala[0m
2022.06.20 19:34:15 WARN  no build target for: /home/henil/Documents/Scala_1/functional-programming-intro/wk2/currying/src/main/scala/Main.scala[0m
2022.06.20 19:37:03 WARN  no build target for: /home/henil/Documents/Scala_1/functional-programming-intro/wk2/currying/src/main/scala/Main.scala[0m
Jun 20, 2022 7:45:03 PM org.eclipse.lsp4j.jsonrpc.RemoteEndpoint handleCancellation
WARNING: Unmatched cancel notification for request id 4757
2022.06.20 19:46:18 WARN  no build target for: /home/henil/Documents/Scala_1/functional-programming-intro/wk2/currying/src/main/scala/Main.scala[0m
2022.06.20 19:46:29 WARN  no build target for: /home/henil/Documents/Scala_1/functional-programming-intro/wk2/currying/src/main/scala/Main.scala[0m
2022.06.20 19:48:45 WARN  no build target for: /home/henil/Documents/Scala_1/functional-programming-intro/wk2/currying/src/main/scala/Main.scala[0m
2022.06.20 19:49:29 WARN  no build target for: /home/henil/Documents/Scala_1/functional-programming-intro/wk2/currying/src/main/scala/Main.scala[0m
2022.06.20 19:51:05 WARN  no build target for: /home/henil/Documents/Scala_1/functional-programming-intro/wk2/currying/src/main/scala/Main.scala[0m
