2023.03.31 23:30:39 INFO  Started: Metals version 0.11.11 in workspace '/home/henil/Documents/Scala_1/functional-programming-intro/wk5' for client VSCodium 1.76.2.
SLF4J: No SLF4J providers were found.
SLF4J: Defaulting to no-operation (NOP) logger implementation
SLF4J: See https://www.slf4j.org/codes.html#noProviders for further details.
SLF4J: Class path contains SLF4J bindings targeting slf4j-api versions 1.7.x or earlier.
SLF4J: Ignoring binding found at [jar:file:/home/henil/.cache/coursier/v1/https/repo1.maven.org/maven2/com/outr/scribe-slf4j_2.13/3.11.0/scribe-slf4j_2.13-3.11.0.jar!/org/slf4j/impl/StaticLoggerBinder.class]
SLF4J: See https://www.slf4j.org/codes.html#ignoredBindings for an explanation.
2023.03.31 23:30:40 INFO  time: initialize in 0.83s
2023.03.31 23:30:42 WARN  Build server is not auto-connectable.
2023.03.31 23:30:42 WARN  no build tool detected in workspace '/home/henil/Documents/Scala_1/functional-programming-intro/wk5'. The most common cause for this problem is that the editor was opened in the wrong working directory, for example if you use sbt then the workspace directory should contain build.sbt. 
2023.03.31 23:30:42 WARN  no build target for: /home/henil/Documents/Scala_1/functional-programming-intro/wk5/listmethods/src/main/scala/Main.scala
2023.03.31 23:30:48 INFO  no build target found for /home/henil/Documents/Scala_1/functional-programming-intro/wk5/listmethods/src/main/scala/Main.scala. Using presentation compiler with project's scala-library version: 3.2.2
2023.03.31 23:30:50 INFO  time: code lens generation in 7.32s
Apr 01, 2023 12:00:22 AM org.eclipse.lsp4j.jsonrpc.RemoteEndpoint handleCancellation
WARNING: Unmatched cancel notification for request id 11
2023.04.01 00:04:22 WARN  no build target for: /home/henil/Documents/Scala_1/functional-programming-intro/wk5/listmethods/src/main/scala/Main.scala
Apr 01, 2023 12:04:47 AM org.eclipse.lsp4j.jsonrpc.RemoteEndpoint handleCancellation
WARNING: Unmatched cancel notification for request id 743
2023.04.01 00:06:55 WARN  no build target for: /home/henil/Documents/Scala_1/functional-programming-intro/wk5/listmethods/src/main/scala/Main.scala
2023.04.01 00:09:04 WARN  no build target for: /home/henil/Documents/Scala_1/functional-programming-intro/wk5/listmethods/src/main/scala/Main.scala
2023.04.01 00:18:02 WARN  no build target for: /home/henil/Documents/Scala_1/functional-programming-intro/wk5/listmethods/src/main/scala/Main.scala
2023.04.01 00:23:17 WARN  no build target for: /home/henil/Documents/Scala_1/functional-programming-intro/wk5/listmethods/src/main/scala/Main.scala
Apr 01, 2023 12:24:20 AM org.eclipse.lsp4j.jsonrpc.RemoteEndpoint handleCancellation
WARNING: Unmatched cancel notification for request id 3219
2023.04.01 00:25:01 WARN  no build target for: /home/henil/Documents/Scala_1/functional-programming-intro/wk5/listmethods/src/main/scala/Main.scala
2023.04.01 00:25:11 WARN  no build target for: /home/henil/Documents/Scala_1/functional-programming-intro/wk5/listmethods/src/main/scala/Main.scala
2023.04.01 00:29:53 WARN  no build target for: /home/henil/Documents/Scala_1/functional-programming-intro/wk5/listmethods/src/main/scala/Main.scala
2023.04.01 00:30:40 WARN  no build target for: /home/henil/Documents/Scala_1/functional-programming-intro/wk5/listmethods/src/main/scala/Main.scala
2023.04.01 00:31:42 WARN  no build target for: /home/henil/Documents/Scala_1/functional-programming-intro/wk5/listmethods/src/main/scala/Main.scala
2023.04.01 00:35:12 WARN  no build target for: /home/henil/Documents/Scala_1/functional-programming-intro/wk5/listmethods/src/main/scala/Main.scala
