2022.06.07 19:56:14 INFO  tracing is disabled for protocol LSP, to enable tracing of incoming and outgoing JSON messages create an empty file at /home/henil/Documents/Scala_1/wk1/euclids_algorithm/.metals/lsp.trace.json or /home/henil/.cache/metals/lsp.trace.json[0m
2022.06.07 19:56:14 INFO  logging to file /home/henil/Documents/Scala_1/wk1/euclids_algorithm/.metals/metals.log[0m
2022.06.07 19:56:14 INFO  Started: Metals version 0.11.6 in workspace '/home/henil/Documents/Scala_1/wk1/euclids_algorithm' for client VSCodium 1.62.0.[0m
2022.06.07 19:56:15 INFO  time: initialize in 1s[0m
2022.06.07 19:56:16 WARN  Flyway upgrade recommended: H2 2.1.212 is newer than this version of Flyway and support has not been tested. The latest supported version of H2 is 2.1.210.[0m
2022.06.07 19:56:16 WARN  Build server is not auto-connectable.[0m
2022.06.07 19:56:19 WARN  no build target for: /home/henil/Documents/Scala_1/wk1/euclids_algorithm/src/main/scala/Main.scala[0m
2022.06.07 19:56:23 INFO  no build target found for /home/henil/Documents/Scala_1/wk1/euclids_algorithm/src/main/scala/Main.scala. Using presentation compiler with project's scala-library version: 3.1.2[0m
2022.06.07 19:56:25 INFO  time: code lens generation in 5.9s[0m
2022.06.07 19:58:56 WARN  no build target for: /home/henil/Documents/Scala_1/wk1/euclids_algorithm/src/main/scala/Main.scala[0m
2022.06.07 20:01:03 WARN  no build target for: /home/henil/Documents/Scala_1/wk1/euclids_algorithm/src/main/scala/Main.scala[0m
2022.06.07 20:15:27 WARN  no build target for: /home/henil/Documents/Scala_1/wk1/euclids_algorithm/src/main/scala/Main.scala[0m
2022.06.07 20:17:48 WARN  no build target for: /home/henil/Documents/Scala_1/wk1/euclids_algorithm/src/main/scala/Main.scala[0m
2022.06.07 20:18:02 WARN  no build target for: /home/henil/Documents/Scala_1/wk1/euclids_algorithm/src/main/scala/Main.scala[0m
Jun 07, 2022 11:16:46 PM org.eclipse.lsp4j.jsonrpc.RemoteEndpoint handleCancellation
WARNING: Unmatched cancel notification for request id 732
2022.06.07 23:17:10 WARN  no build target for: /home/henil/Documents/Scala_1/wk1/euclids_algorithm/src/main/scala/Main.scala[0m
2022.06.07 23:18:02 WARN  no build target for: /home/henil/Documents/Scala_1/wk1/euclids_algorithm/src/main/scala/Main.scala[0m
2022.06.07 23:18:19 WARN  no build target for: /home/henil/Documents/Scala_1/wk1/euclids_algorithm/src/main/scala/Main.scala[0m
2022.06.07 23:18:58 WARN  no build target for: /home/henil/Documents/Scala_1/wk1/euclids_algorithm/src/main/scala/Main.scala[0m
2022.06.07 23:19:08 WARN  no build target for: /home/henil/Documents/Scala_1/wk1/euclids_algorithm/src/main/scala/Main.scala[0m
2022.06.07 23:19:30 WARN  no build target for: /home/henil/Documents/Scala_1/wk1/euclids_algorithm/src/main/scala/Main.scala[0m
2022.06.07 23:29:33 WARN  no build target for: /home/henil/Documents/Scala_1/wk1/euclids_algorithm/src/main/scala/Main.scala[0m
2022.06.07 23:29:40 WARN  no build target for: /home/henil/Documents/Scala_1/wk1/euclids_algorithm/src/main/scala/Main.scala[0m
2022.06.07 23:30:10 WARN  no build target for: /home/henil/Documents/Scala_1/wk1/euclids_algorithm/src/main/scala/Main.scala[0m
2022.06.08 08:47:12 WARN  no build target for: /home/henil/Documents/Scala_1/wk1/euclids_algorithm/src/main/scala/Main.scala[0m
2022.06.08 08:47:19 WARN  no build target for: /home/henil/Documents/Scala_1/wk1/euclids_algorithm/src/main/scala/Main.scala[0m
2022.06.08 08:49:00 WARN  no build target for: /home/henil/Documents/Scala_1/wk1/euclids_algorithm/src/main/scala/Main.scala[0m
2022.06.08 08:49:42 WARN  no build target for: /home/henil/Documents/Scala_1/wk1/euclids_algorithm/src/main/scala/Main.scala[0m
2022.06.08 08:49:57 WARN  no build target for: /home/henil/Documents/Scala_1/wk1/euclids_algorithm/src/main/scala/Main.scala[0m
2022.06.08 08:50:46 WARN  no build target for: /home/henil/Documents/Scala_1/wk1/euclids_algorithm/src/main/scala/Main.scala[0m
2022.06.08 08:51:26 WARN  no build target for: /home/henil/Documents/Scala_1/wk1/euclids_algorithm/src/main/scala/Main.scala[0m
2022.06.08 19:42:40 INFO  shutting down Metals[0m
2022.06.08 19:42:40 ERROR Unexpected error initializing server
org.eclipse.lsp4j.jsonrpc.ResponseErrorException: Request window/showMessageRequest failed with message: Canceled
	at org.eclipse.lsp4j.jsonrpc.RemoteEndpoint.handleResponse(RemoteEndpoint.java:209)
	at org.eclipse.lsp4j.jsonrpc.RemoteEndpoint.consume(RemoteEndpoint.java:193)
	at org.eclipse.lsp4j.jsonrpc.json.StreamMessageProducer.handleMessage(StreamMessageProducer.java:194)
	at org.eclipse.lsp4j.jsonrpc.json.StreamMessageProducer.listen(StreamMessageProducer.java:94)
	at org.eclipse.lsp4j.jsonrpc.json.ConcurrentMessageProcessor.run(ConcurrentMessageProcessor.java:113)
	at java.util.concurrent.Executors$RunnableAdapter.call(Executors.java:515)
	at java.util.concurrent.FutureTask.run(FutureTask.java:264)
	at java.util.concurrent.ThreadPoolExecutor.runWorker(ThreadPoolExecutor.java:1128)
	at java.util.concurrent.ThreadPoolExecutor$Worker.run(ThreadPoolExecutor.java:628)
	at java.lang.Thread.run(Thread.java:829)
[0m
2023.02.23 03:01:21 INFO  tracing is disabled for protocol LSP, to enable tracing of incoming and outgoing JSON messages create an empty file at /home/henil/Documents/Scala_1/functional-programming-intro/wk1/euclids_algorithm/.metals/lsp.trace.json or /home/henil/.cache/metals/lsp.trace.json
2023.02.23 03:01:22 INFO  logging to file /home/henil/Documents/Scala_1/functional-programming-intro/wk1/euclids_algorithm/.metals/metals.log
2023.02.23 03:01:22 INFO  Started: Metals version 0.11.10 in workspace '/home/henil/Documents/Scala_1/functional-programming-intro/wk1/euclids_algorithm' for client VSCodium 1.74.1.
SLF4J: No SLF4J providers were found.
SLF4J: Defaulting to no-operation (NOP) logger implementation
SLF4J: See https://www.slf4j.org/codes.html#noProviders for further details.
SLF4J: Class path contains SLF4J bindings targeting slf4j-api versions 1.7.x or earlier.
SLF4J: Ignoring binding found at [jar:file:/home/henil/.cache/coursier/v1/https/repo1.maven.org/maven2/com/outr/scribe-slf4j_2.13/3.10.5/scribe-slf4j_2.13-3.10.5.jar!/org/slf4j/impl/StaticLoggerBinder.class]
SLF4J: See https://www.slf4j.org/codes.html#ignoredBindings for an explanation.
2023.02.23 03:01:24 INFO  time: initialize in 1.81s
2023.02.23 03:01:26 WARN  Build server is not auto-connectable.
2023.02.23 03:01:26 WARN  no build target for: /home/henil/Documents/Scala_1/functional-programming-intro/wk1/euclids_algorithm/src/main/scala/Main.scala
2023.02.23 03:01:32 INFO  no build target found for /home/henil/Documents/Scala_1/functional-programming-intro/wk1/euclids_algorithm/src/main/scala/Main.scala. Using presentation compiler with project's scala-library version: 3.2.1
2023.02.23 03:01:34 INFO  time: code lens generation in 7.43s
2023.02.23 03:03:53 INFO  shutting down Metals
